build/outputs/logs/manifest-merger-debug-report.txt
-- Merging decision tree log ---
manifest
ADDED from guomao\AndroidManifest.xml:2:1-47:12
	package
		ADDED from guomao\AndroidManifest.xml:3:5-36
	android:versionName
		ADDED from guomao\AndroidManifest.xml:5:5-30
		INJECTED from guomao\AndroidManifest.xml
		INJECTED from guomao\AndroidManifest.xml
	android:versionCode
		ADDED from guomao\AndroidManifest.xml:4:5-35
		INJECTED from guomao\AndroidManifest.xml
		INJECTED from guomao\AndroidManifest.xml
	xmlns:android
		ADDED from guomao\AndroidManifest.xml:2:11-69
uses-sdk
ADDED from guomao\AndroidManifest.xml:7:5-9:41
	android:targetSdkVersion
		ADDED from guomao\AndroidManifest.xml:9:9-38
	android:minSdkVersion
		ADDED from guomao\AndroidManifest.xml:8:9-35
uses-permission#android.permission.INTERNET
ADDED from guomao\AndroidManifest.xml:11:5-67
	android:name
		ADDED from guomao\AndroidManifest.xml:11:22-64
application
ADDED from guomao\AndroidManifest.xml:13:5-45:19
	android:label
		ADDED from guomao\AndroidManifest.xml:16:9-41
	android:allowBackup
		ADDED from guomao\AndroidManifest.xml:14:9-35
	android:icon
		ADDED from guomao\AndroidManifest.xml:15:9-45
	android:theme
		ADDED from guomao\AndroidManifest.xml:17:9-40
activity#com.allinpayjl.guomao.activity.MainActivity
ADDED from guomao\AndroidManifest.xml:18:9-26:20
	android:label
		ADDED from guomao\AndroidManifest.xml:20:13-45
	android:name
		ADDED from guomao\AndroidManifest.xml:19:13-50
intent-filter#android.intent.action.MAIN+android.intent.category.LAUNCHER
ADDED from guomao\AndroidManifest.xml:21:13-25:29
action#android.intent.action.MAIN
ADDED from guomao\AndroidManifest.xml:22:17-69
	android:name
		ADDED from guomao\AndroidManifest.xml:22:25-66
category#android.intent.category.LAUNCHER
ADDED from guomao\AndroidManifest.xml:24:17-77
	android:name
		ADDED from guomao\AndroidManifest.xml:24:27-74
activity#com.allinpayjl.guomao.about
ADDED from guomao\AndroidManifest.xml:27:9-33:20
	android:name
		ADDED from guomao\AndroidManifest.xml:27:19-40
intent-filter#android.intent.category.DEFAULT+com.android.activity.MY_ACTION
ADDED from guomao\AndroidManifest.xml:28:13-32:29
action#com.android.activity.MY_ACTION
ADDED from guomao\AndroidManifest.xml:29:17-73
	android:name
		ADDED from guomao\AndroidManifest.xml:29:25-70
category#android.intent.category.DEFAULT
ADDED from guomao\AndroidManifest.xml:31:17-76
	android:name
		ADDED from guomao\AndroidManifest.xml:31:27-73
service#com.allinpayjl.guomao.service.LongRunningService
ADDED from guomao\AndroidManifest.xml:35:9-36:19
	android:name
		ADDED from guomao\AndroidManifest.xml:35:18-60
receiver#com.allinpayjl.guomao.service.AlarmReceiver
ADDED from guomao\AndroidManifest.xml:38:9-39:20
	android:name
		ADDED from guomao\AndroidManifest.xml:38:19-56
activity#com.allinpayjl.guomao.activity.DataActivity
ADDED from guomao\AndroidManifest.xml:41:9-44:20
	android:label
		ADDED from guomao\AndroidManifest.xml:43:13-56
	android:name
		ADDED from guomao\AndroidManifest.xml:42:13-71